<?xml version="1.0" encoding="UTF-8"?>
<!-- Generated by org.testng.reporters.JUnitReportReporter -->
<testsuite hostname="Nandhikas-MBP" failures="0" tests="1" name="com.automation.tests.LeadsTests" time="23.746" errors="0" timestamp="2024-10-22T14:25:40 MDT" skipped="0">
  <testcase classname="com.automation.tests.LeadsTests" name="CheckNewbuttononLeads" time="23.746"/>
</testsuite> <!-- com.automation.tests.LeadsTests -->
