<?xml version="1.0" encoding="UTF-8"?>
<!-- Generated by org.testng.reporters.JUnitReportReporter -->
<testsuite hostname="Nandhikas-MBP" failures="0" tests="1" name="com.automation.tests.OpportunitiesTests" time="39.181" errors="0" timestamp="2024-10-22T17:08:36 MDT" skipped="0">
  <testcase classname="com.automation.tests.OpportunitiesTests" name="createNewOpp" time="39.181"/>
</testsuite> <!-- com.automation.tests.OpportunitiesTests -->
