<?xml version="1.0" encoding="UTF-8"?>
<!-- Generated by org.testng.reporters.JUnitReportReporter -->
<testsuite hostname="Nandhikas-MBP" failures="0" tests="1" name="salesforceWithTestng.allSalesforceTestcases" time="47.348" errors="0" timestamp="2024-10-25T10:52:08 MDT" skipped="0">
  <testcase classname="salesforceWithTestng.allSalesforceTestcases" name="myprofile" time="47.348"/>
</testsuite> <!-- salesforceWithTestng.allSalesforceTestcases -->
