<?xml version="1.0" encoding="UTF-8"?>
<!-- Generated by org.testng.reporters.JUnitReportReporter -->
<testsuite hostname="Nandhikas-MBP" failures="0" tests="1" name="com.automation.tests.ContactsTests" time="33.105" errors="0" timestamp="2024-10-22T14:25:40 MDT" skipped="0">
  <testcase classname="com.automation.tests.ContactsTests" name="checknewandsavebutton" time="33.105"/>
</testsuite> <!-- com.automation.tests.ContactsTests -->
