<?xml version="1.0" encoding="UTF-8"?>
<!-- Generated by org.testng.reporters.JUnitReportReporter -->
<testsuite hostname="Nandhikas-MBP" failures="0" tests="3" name="com.automation.tests.HomeTests" time="76.343" errors="0" timestamp="2024-10-22T14:25:40 MDT" skipped="0">
  <testcase classname="com.automation.tests.HomeTests" name="logout" time="25.208"/>
  <testcase classname="com.automation.tests.HomeTests" name="validatehomepage" time="25.915"/>
  <testcase classname="com.automation.tests.HomeTests" name="userDopdown" time="25.220"/>
</testsuite> <!-- com.automation.tests.HomeTests -->
