<?xml version="1.0" encoding="UTF-8"?>
<!-- Generated by org.testng.reporters.JUnitReportReporter -->
<testsuite hostname="Nandhikas-MBP" failures="0" tests="2" name="com.automation.tests.LoginTests" time="36.006" errors="0" timestamp="2024-10-22T14:25:40 MDT" skipped="0">
  <testcase classname="com.automation.tests.LoginTests" name="invalid_login" time="16.241"/>
  <testcase classname="com.automation.tests.LoginTests" name="valid_login" time="19.765"/>
</testsuite> <!-- com.automation.tests.LoginTests -->
