<?xml version="1.0" encoding="UTF-8"?>
<!-- Generated by org.testng.reporters.JUnitReportReporter -->
<testsuite hostname="Nandhikas-MBP" failures="0" tests="14" name="Assignment.logIntoSalesforce" time="43.124" errors="0" timestamp="2024-10-15T16:12:43 MDT" skipped="0">
  <testcase classname="Assignment.logIntoSalesforce" name="loginTest" time="10.311"/>
  <testcase classname="Assignment.logIntoSalesforce" name="loginTest" time="4.816"/>
  <testcase classname="Assignment.logIntoSalesforce" name="loginTest" time="1.231"/>
  <testcase classname="Assignment.logIntoSalesforce" name="loginTest" time="5.041"/>
  <testcase classname="Assignment.logIntoSalesforce" name="loginTest" time="0.854"/>
  <testcase classname="Assignment.logIntoSalesforce" name="loginTest" time="1.532"/>
  <testcase classname="Assignment.logIntoSalesforce" name="loginTest" time="2.601"/>
  <testcase classname="Assignment.logIntoSalesforce" name="loginTest" time="1.427"/>
  <testcase classname="Assignment.logIntoSalesforce" name="loginTest" time="2.174"/>
  <testcase classname="Assignment.logIntoSalesforce" name="loginTest" time="2.376"/>
  <testcase classname="Assignment.logIntoSalesforce" name="loginTest" time="5.895"/>
  <testcase classname="Assignment.logIntoSalesforce" name="loginTest" time="0.746"/>
  <testcase classname="Assignment.logIntoSalesforce" name="loginTest" time="1.552"/>
  <testcase classname="Assignment.logIntoSalesforce" name="loginTest" time="2.568"/>
</testsuite> <!-- Assignment.logIntoSalesforce -->
