<?xml version="1.0" encoding="UTF-8"?>
<!-- Generated by org.testng.reporters.JUnitReportReporter -->
<testsuite hostname="Nandhikas-MBP" failures="0" tests="1" name="salesforce.SalesforceAutomation" time="23.483" errors="0" timestamp="2024-10-16T23:27:26 MDT" skipped="0">
  <testcase classname="salesforce.SalesforceAutomation" name="valid_login" time="23.483"/>
</testsuite> <!-- salesforce.SalesforceAutomation -->
