<?xml version="1.0" encoding="UTF-8"?>
<!-- Generated by org.testng.reporters.JUnitReportReporter -->
<testsuite hostname="Nandhikas-MBP" failures="0" tests="3" name="practiceTests.LogTests" time="0.046" errors="0" timestamp="2024-10-22T13:11:01 MDT" skipped="0">
  <testcase classname="practiceTests.LogTests" name="test3" time="0.003"/>
  <testcase classname="practiceTests.LogTests" name="test2" time="0.003"/>
  <testcase classname="practiceTests.LogTests" name="test1" time="0.040"/>
</testsuite> <!-- practiceTests.LogTests -->
