<?xml version="1.0" encoding="UTF-8"?>
<!-- Generated by org.testng.reporters.JUnitReportReporter -->
<testsuite hostname="Nandhikas-MBP" failures="0" tests="2" name="com.automation.tests.SalesforceAutomationScripts" time="55.688" errors="0" timestamp="2024-10-22T11:46:56 MDT" skipped="0">
  <testcase classname="com.automation.tests.SalesforceAutomationScripts" name="invalid_login" time="27.599"/>
  <testcase classname="com.automation.tests.SalesforceAutomationScripts" name="valid_login" time="28.089"/>
</testsuite> <!-- com.automation.tests.SalesforceAutomationScripts -->
