<?xml version="1.0" encoding="UTF-8"?>
<!-- Generated by org.testng.reporters.JUnitReportReporter -->
<testsuite hostname="Nandhikas-MBP" failures="0" tests="3" name="com.automation.tests.LogTests" time="0.049" errors="0" timestamp="2024-10-16T20:23:39 MDT" skipped="0">
  <testcase classname="com.automation.tests.LogTests" name="test3" time="0.003"/>
  <testcase classname="com.automation.tests.LogTests" name="test2" time="0.004"/>
  <testcase classname="com.automation.tests.LogTests" name="test1" time="0.042"/>
</testsuite> <!-- com.automation.tests.LogTests -->
