<?xml version="1.0" encoding="UTF-8"?>
<!-- Generated by org.testng.reporters.JUnitReportReporter -->
<testsuite hostname="Nandhikas-MBP" failures="0" tests="1" name="com.automation.tests.AccountsTests" time="38.095" errors="0" timestamp="2024-10-22T14:25:40 MDT" skipped="0">
  <testcase classname="com.automation.tests.AccountsTests" name="createAccount" time="38.095"/>
</testsuite> <!-- com.automation.tests.AccountsTests -->
